app/build/intermediates/manifest_merge_blame_file/debug/manifest-merger-blame-debug-report.txt
1<?xml version="1.0" encoding="utf-8"?>
2<manifest xmlns:android="http://schemas.android.com/apk/res/android"
3    package="com.codepath.apps.restclienttemplate"
4    android:versionCode="1"
5    android:versionName="1.0" >
6
7    <uses-sdk
8        android:minSdkVersion="21"
8-->src\main\AndroidManifest.xml
9        android:targetSdkVersion="28" />
9-->src\main\AndroidManifest.xml
10
11    <uses-permission android:name="android.permission.INTERNET" />
11-->src\main\AndroidManifest.xml:5:5-67
11-->src\main\AndroidManifest.xml:5:22-64
12    <uses-permission android:name="android.permission.WRITE_EXTERNAL_STORAGE" />
12-->src\main\AndroidManifest.xml:6:5-81
12-->src\main\AndroidManifest.xml:6:22-78
13
14    <application
14-->src\main\AndroidManifest.xml:8:5-39:19
15        android:name="com.codepath.apps.restclienttemplate.TwitterApplication"
15-->src\main\AndroidManifest.xml:9:9-43
16        android:allowBackup="true"
16-->src\main\AndroidManifest.xml:10:9-35
17        android:appComponentFactory="androidx.core.app.CoreComponentFactory"
17-->[androidx.core:core:1.5.0] AndroidManifest.xml:24:18-86
18        android:debuggable="true"
19        android:icon="@mipmap/ic_launcher"
19-->src\main\AndroidManifest.xml:11:9-43
20        android:label="@string/app_name"
20-->src\main\AndroidManifest.xml:12:9-41
21        android:roundIcon="@mipmap/ic_launcher_round"
21-->src\main\AndroidManifest.xml:13:9-54
22        android:supportsRtl="true"
22-->src\main\AndroidManifest.xml:14:9-35
23        android:testOnly="true"
24        android:theme="@style/Theme.RestClientTemplateKotlin" >
24-->src\main\AndroidManifest.xml:15:9-62
25        <activity
25-->src\main\AndroidManifest.xml:16:9-18:40
26            android:name="com.codepath.apps.restclienttemplate.TimelineActivity"
26-->src\main\AndroidManifest.xml:17:13-45
27            android:exported="false" />
27-->src\main\AndroidManifest.xml:18:13-37
28        <activity
28-->src\main\AndroidManifest.xml:19:9-38:20
29            android:name="com.codepath.apps.restclienttemplate.LoginActivity"
29-->src\main\AndroidManifest.xml:20:13-42
30            android:label="@string/app_name"
30-->src\main\AndroidManifest.xml:21:13-45
31            android:theme="@style/AppTheme" >
31-->src\main\AndroidManifest.xml:22:13-44
32            <intent-filter>
32-->src\main\AndroidManifest.xml:23:13-27:29
33                <action android:name="android.intent.action.MAIN" />
33-->src\main\AndroidManifest.xml:24:17-69
33-->src\main\AndroidManifest.xml:24:25-66
34
35                <category android:name="android.intent.category.LAUNCHER" />
35-->src\main\AndroidManifest.xml:26:17-77
35-->src\main\AndroidManifest.xml:26:27-74
36            </intent-filter>
37            <intent-filter>
37-->src\main\AndroidManifest.xml:28:13-37:29
38                <action android:name="android.intent.action.VIEW" />
38-->src\main\AndroidManifest.xml:29:17-69
38-->src\main\AndroidManifest.xml:29:25-66
39
40                <category android:name="android.intent.category.DEFAULT" />
40-->src\main\AndroidManifest.xml:31:17-76
40-->src\main\AndroidManifest.xml:31:27-73
41                <category android:name="android.intent.category.BROWSABLE" />
41-->src\main\AndroidManifest.xml:32:17-78
41-->src\main\AndroidManifest.xml:32:27-75
42
43                <data
43-->src\main\AndroidManifest.xml:34:17-36:62
44                    android:host="@string/intent_host"
44-->src\main\AndroidManifest.xml:35:21-55
45                    android:scheme="@string/intent_scheme" />
45-->src\main\AndroidManifest.xml:36:21-59
46            </intent-filter>
47        </activity>
48
49        <service
49-->[androidx.room:room-runtime:2.2.6] AndroidManifest.xml:25:9-28:40
50            android:name="androidx.room.MultiInstanceInvalidationService"
50-->[androidx.room:room-runtime:2.2.6] AndroidManifest.xml:26:13-74
51            android:directBootAware="true"
51-->[androidx.room:room-runtime:2.2.6] AndroidManifest.xml:27:13-43
52            android:exported="false" />
52-->[androidx.room:room-runtime:2.2.6] AndroidManifest.xml:28:13-37
53    </application>
54
55</manifest>